<?xml version="1.0" encoding="UTF-8"?>
<!-- Generated by org.testng.reporters.JUnitReportReporter -->
<testsuite hostname="DESKTOP-RE5AUL9" name="actitime.runner.TestRunner" tests="6" failures="0" timestamp="14 May 2022 15:53:42 GMT" time="111.397" errors="0">
  <testcase name="runScenario" time="31.693" classname="actitime.runner.TestRunner"/>
  <testcase name="runScenario" time="15.975" classname="actitime.runner.TestRunner"/>
  <testcase name="runScenario" time="15.612" classname="actitime.runner.TestRunner"/>
  <testcase name="runScenario" time="14.336" classname="actitime.runner.TestRunner"/>
  <testcase name="runScenario" time="20.087" classname="actitime.runner.TestRunner"/>
  <testcase name="runScenario" time="13.694" classname="actitime.runner.TestRunner"/>
</testsuite> <!-- actitime.runner.TestRunner -->
